<?xml version="1.0" encoding="UTF-8"?>
<!-- Generated by org.testng.reporters.JUnitReportReporter -->
<testsuite hostname="DESKTOP-72KF1LV" failures="0" tests="1" name="SubscriptionPage.SubscriptionPageTest" time="76.956" errors="0" timestamp="2023-04-28T18:12:36 EET" skipped="0">
  <testcase classname="SubscriptionPage.SubscriptionPageTest" name="testSubscriptionPackages" time="76.956"/>
  <system-out/>
</testsuite> <!-- SubscriptionPage.SubscriptionPageTest -->
